#! /usr/bin/vvp
:ivl_version "13.0 (stable)" "(v13_0-dirty)";
:ivl_delay_selection "TYPICAL";
:vpi_time_precision + 0;
:vpi_module "/usr/lib/ivl/system.vpi";
:vpi_module "/usr/lib/ivl/vhdl_sys.vpi";
:vpi_module "/usr/lib/ivl/vhdl_textio.vpi";
:vpi_module "/usr/lib/ivl/v2005_math.vpi";
:vpi_module "/usr/lib/ivl/va_math.vpi";
S_0x564b2b468b00 .scope module, "tb" "tb" 2 87;
 .timescale 0 0;
v0x564b2b48de60_0 .var "clock", 0 0;
v0x564b2b48df00_0 .var "reset", 0 0;
S_0x564b2b4194c0 .scope module, "uut" "main" 2 91, 3 442 0, S_0x564b2b468b00;
 .timescale 0 0;
    .port_info 0 /INPUT 1 "clock";
    .port_info 1 /INPUT 1 "reset";
L_0x564b2b45ea60 .functor AND 1, v0x564b2b486270_0, L_0x564b2b49f510, C4<1>, C4<1>;
L_0x564b2b45a470 .functor OR 1, v0x564b2b4861b0_0, L_0x564b2b45ea60, C4<0>, C4<0>;
v0x564b2b48b4b0_0 .var "A", 31 0;
v0x564b2b48b5b0_0 .net "ALUControlSignal", 3 0, v0x564b2b484830_0;  1 drivers
v0x564b2b48b670_0 .var "ALUInputA", 31 0;
v0x564b2b48b710_0 .var "ALUInputB", 31 0;
v0x564b2b48b7b0_0 .net "ALUOp", 1 0, v0x564b2b4859a0_0;  1 drivers
v0x564b2b48b8f0_0 .var "ALUOut", 31 0;
v0x564b2b48b9d0_0 .net "ALUResult", 31 0, v0x564b2b465ab0_0;  1 drivers
v0x564b2b48ba90_0 .net "ALUSrcA", 0 0, v0x564b2b485a80_0;  1 drivers
v0x564b2b48bb30_0 .net "ALUSrcB", 1 0, v0x564b2b485b20_0;  1 drivers
v0x564b2b48bbd0_0 .var "B", 31 0;
v0x564b2b48bc70_0 .var "IR", 31 0;
v0x564b2b48bd10_0 .net "IRWrite", 0 0, v0x564b2b485be0_0;  1 drivers
v0x564b2b48bdb0_0 .net "IorD", 0 0, v0x564b2b485ca0_0;  1 drivers
v0x564b2b48be50_0 .var "MDR", 31 0;
v0x564b2b48bef0_0 .net "MemRead", 0 0, v0x564b2b485db0_0;  1 drivers
v0x564b2b48bf90_0 .net "MemWrite", 0 0, v0x564b2b485e70_0;  1 drivers
v0x564b2b48c080_0 .net "MemtoReg", 0 0, v0x564b2b485f30_0;  1 drivers
v0x564b2b48c230_0 .var "PC", 31 0;
v0x564b2b48c2f0_0 .net "PCEnable", 0 0, L_0x564b2b45a470;  1 drivers
v0x564b2b48c3b0_0 .net "PCSource", 1 0, v0x564b2b4860d0_0;  1 drivers
v0x564b2b48c470_0 .net "PCWrite", 0 0, v0x564b2b4861b0_0;  1 drivers
v0x564b2b48c510_0 .net "PCWriteCond", 0 0, v0x564b2b486270_0;  1 drivers
v0x564b2b48c5b0_0 .net "RegDst", 0 0, v0x564b2b486330_0;  1 drivers
v0x564b2b48c680_0 .net "RegWrite", 0 0, v0x564b2b4863f0_0;  1 drivers
v0x564b2b48c770_0 .net "Zero", 0 0, L_0x564b2b49f510;  1 drivers
v0x564b2b48c810_0 .net *"_ivl_11", 0 0, L_0x564b2b48e490;  1 drivers
v0x564b2b48c8b0_0 .net *"_ivl_13", 15 0, L_0x564b2b48e570;  1 drivers
v0x564b2b48c950_0 .net *"_ivl_15", 15 0, L_0x564b2b48e660;  1 drivers
v0x564b2b48ca10_0 .net *"_ivl_19", 29 0, L_0x564b2b48e890;  1 drivers
L_0x7fea8bb37018 .functor BUFT 1, C4<00>, C4<0>, C4<0>, C4<0>;
v0x564b2b48caf0_0 .net/2u *"_ivl_20", 1 0, L_0x7fea8bb37018;  1 drivers
v0x564b2b48cbd0_0 .net *"_ivl_25", 3 0, L_0x564b2b48ead0;  1 drivers
v0x564b2b48ccb0_0 .net *"_ivl_27", 25 0, L_0x564b2b48ebe0;  1 drivers
L_0x7fea8bb37060 .functor BUFT 1, C4<00>, C4<0>, C4<0>, C4<0>;
v0x564b2b48cd90_0 .net/2u *"_ivl_28", 1 0, L_0x7fea8bb37060;  1 drivers
v0x564b2b48ce70_0 .net *"_ivl_32", 0 0, L_0x564b2b45ea60;  1 drivers
v0x564b2b48cf50_0 .net "clock", 0 0, v0x564b2b48de60_0;  1 drivers
v0x564b2b48cff0_0 .net "funct", 5 0, L_0x564b2b48e3f0;  1 drivers
v0x564b2b48d0e0_0 .net "jumpAddress", 31 0, L_0x564b2b48ec80;  1 drivers
v0x564b2b48d1a0_0 .var "memoryAddress", 31 0;
v0x564b2b48d290_0 .net "memoryData", 31 0, v0x564b2b48a030_0;  1 drivers
v0x564b2b48d360_0 .var "nextPC", 31 0;
v0x564b2b48d420_0 .net "opcode", 5 0, L_0x564b2b48dfc0;  1 drivers
v0x564b2b48d510_0 .net "rd", 4 0, L_0x564b2b48e290;  1 drivers
v0x564b2b48d5d0_0 .net "registerReadData1", 31 0, L_0x564b2b465cf0;  1 drivers
v0x564b2b48d6c0_0 .net "registerReadData2", 31 0, L_0x564b2b465d60;  1 drivers
v0x564b2b48d790_0 .net "reset", 0 0, v0x564b2b48df00_0;  1 drivers
v0x564b2b48d880_0 .net "rs", 4 0, L_0x564b2b48e060;  1 drivers
v0x564b2b48d920_0 .net "rt", 4 0, L_0x564b2b48e1a0;  1 drivers
v0x564b2b48d9f0_0 .net "shiftedImmediate", 31 0, L_0x564b2b48e9e0;  1 drivers
v0x564b2b48dab0_0 .net "signExtendedImmediate", 31 0, L_0x564b2b48e750;  1 drivers
v0x564b2b48db90_0 .net "state", 3 0, v0x564b2b486630_0;  1 drivers
v0x564b2b48dc80_0 .var "writeData", 31 0;
v0x564b2b48dd50_0 .var "writeRegister", 4 0;
E_0x564b2b41a260 .event anyedge, v0x564b2b4860d0_0, v0x564b2b465ab0_0, v0x564b2b48b8f0_0, v0x564b2b48d0e0_0;
E_0x564b2b416320 .event anyedge, v0x564b2b485b20_0, v0x564b2b48a110_0, v0x564b2b48dab0_0, v0x564b2b48d9f0_0;
E_0x564b2b416840 .event anyedge, v0x564b2b485a80_0, v0x564b2b48c230_0, v0x564b2b48b4b0_0;
E_0x564b2b4165b0 .event anyedge, v0x564b2b485f30_0, v0x564b2b48b8f0_0, v0x564b2b48be50_0;
E_0x564b2b416ad0 .event anyedge, v0x564b2b486330_0, v0x564b2b48a7d0_0, v0x564b2b48d510_0;
E_0x564b2b416c90 .event anyedge, v0x564b2b485ca0_0, v0x564b2b48c230_0, v0x564b2b48b8f0_0;
L_0x564b2b48dfc0 .part v0x564b2b48bc70_0, 26, 6;
L_0x564b2b48e060 .part v0x564b2b48bc70_0, 21, 5;
L_0x564b2b48e1a0 .part v0x564b2b48bc70_0, 16, 5;
L_0x564b2b48e290 .part v0x564b2b48bc70_0, 11, 5;
L_0x564b2b48e3f0 .part v0x564b2b48bc70_0, 0, 6;
L_0x564b2b48e490 .part v0x564b2b48bc70_0, 15, 1;
L_0x564b2b48e570 .repeat 16, 16, L_0x564b2b48e490;
L_0x564b2b48e660 .part v0x564b2b48bc70_0, 0, 16;
L_0x564b2b48e750 .concat [ 16 16 0 0], L_0x564b2b48e660, L_0x564b2b48e570;
L_0x564b2b48e890 .part L_0x564b2b48e750, 0, 30;
L_0x564b2b48e9e0 .concat [ 2 30 0 0], L_0x7fea8bb37018, L_0x564b2b48e890;
L_0x564b2b48ead0 .part v0x564b2b48c230_0, 28, 4;
L_0x564b2b48ebe0 .part v0x564b2b48bc70_0, 0, 26;
L_0x564b2b48ec80 .concat [ 2 26 4 0], L_0x7fea8bb37060, L_0x564b2b48ebe0, L_0x564b2b48ead0;
S_0x564b2b4196a0 .scope module, "alu" "ALU" 3 611, 3 37 0, S_0x564b2b4194c0;
 .timescale 0 0;
    .port_info 0 /INPUT 32 "A";
    .port_info 1 /INPUT 32 "B";
    .port_info 2 /INPUT 4 "ALUControl";
    .port_info 3 /OUTPUT 32 "Result";
    .port_info 4 /OUTPUT 1 "Zero";
v0x564b2b4650a0_0 .net "A", 31 0, v0x564b2b48b670_0;  1 drivers
v0x564b2b45ebb0_0 .net "ALUControl", 3 0, v0x564b2b484830_0;  alias, 1 drivers
v0x564b2b45a540_0 .net "B", 31 0, v0x564b2b48b710_0;  1 drivers
v0x564b2b465ab0_0 .var "Result", 31 0;
v0x564b2b465ed0_0 .net "Zero", 0 0, L_0x564b2b49f510;  alias, 1 drivers
L_0x7fea8bb37138 .functor BUFT 1, C4<00000000000000000000000000000000>, C4<0>, C4<0>, C4<0>;
v0x564b2b465f70_0 .net/2u *"_ivl_0", 31 0, L_0x7fea8bb37138;  1 drivers
E_0x564b2b438dc0 .event anyedge, v0x564b2b45ebb0_0, v0x564b2b4650a0_0, v0x564b2b45a540_0;
L_0x564b2b49f510 .cmp/eq 32, v0x564b2b465ab0_0, L_0x7fea8bb37138;
S_0x564b2b4845f0 .scope module, "aluControl" "ALUControl" 3 608, 3 71 0, S_0x564b2b4194c0;
 .timescale 0 0;
    .port_info 0 /INPUT 2 "ALUOp";
    .port_info 1 /INPUT 6 "funct";
    .port_info 2 /OUTPUT 4 "ALUControlOut";
v0x564b2b484830_0 .var "ALUControlOut", 3 0;
v0x564b2b484910_0 .net "ALUOp", 1 0, v0x564b2b4859a0_0;  alias, 1 drivers
v0x564b2b4849d0_0 .net "funct", 5 0, L_0x564b2b48e3f0;  alias, 1 drivers
E_0x564b2b4482c0 .event anyedge, v0x564b2b484910_0, v0x564b2b4849d0_0;
S_0x564b2b484b10 .scope module, "mainControl" "Control" 3 592, 3 104 0, S_0x564b2b4194c0;
 .timescale 0 0;
    .port_info 0 /INPUT 1 "clock";
    .port_info 1 /INPUT 1 "reset";
    .port_info 2 /INPUT 6 "Op";
    .port_info 3 /OUTPUT 1 "PCWriteCond";
    .port_info 4 /OUTPUT 1 "PCWrite";
    .port_info 5 /OUTPUT 1 "IorD";
    .port_info 6 /OUTPUT 1 "MemRead";
    .port_info 7 /OUTPUT 1 "MemWrite";
    .port_info 8 /OUTPUT 1 "MemtoReg";
    .port_info 9 /OUTPUT 1 "IRWrite";
    .port_info 10 /OUTPUT 2 "PCSource";
    .port_info 11 /OUTPUT 2 "ALUOp";
    .port_info 12 /OUTPUT 2 "ALUSrcB";
    .port_info 13 /OUTPUT 1 "ALUSrcA";
    .port_info 14 /OUTPUT 1 "RegWrite";
    .port_info 15 /OUTPUT 1 "RegDst";
    .port_info 16 /OUTPUT 4 "state";
P_0x564b2b484cf0 .param/l "OP_BEQ" 0 3 132, C4<000100>;
P_0x564b2b484d30 .param/l "OP_J" 0 3 133, C4<000010>;
P_0x564b2b484d70 .param/l "OP_LW" 0 3 130, C4<100011>;
P_0x564b2b484db0 .param/l "OP_RTYPE" 0 3 129, C4<000000>;
P_0x564b2b484df0 .param/l "OP_SW" 0 3 131, C4<101011>;
P_0x564b2b484e30 .param/l "STATE_BEQ_EXECUTE" 0 3 171, C4<1000>;
P_0x564b2b484e70 .param/l "STATE_DECODE" 0 3 164, C4<0001>;
P_0x564b2b484eb0 .param/l "STATE_FETCH" 0 3 163, C4<0000>;
P_0x564b2b484ef0 .param/l "STATE_J_EXECUTE" 0 3 172, C4<1001>;
P_0x564b2b484f30 .param/l "STATE_LW_READ" 0 3 166, C4<0011>;
P_0x564b2b484f70 .param/l "STATE_LW_WRITE" 0 3 167, C4<0100>;
P_0x564b2b484fb0 .param/l "STATE_MEM_ADDR" 0 3 165, C4<0010>;
P_0x564b2b484ff0 .param/l "STATE_R_EXECUTE" 0 3 169, C4<0110>;
P_0x564b2b485030 .param/l "STATE_R_WRITE" 0 3 170, C4<0111>;
P_0x564b2b485070 .param/l "STATE_SW_WRITE" 0 3 168, C4<0101>;
v0x564b2b4859a0_0 .var "ALUOp", 1 0;
v0x564b2b485a80_0 .var "ALUSrcA", 0 0;
v0x564b2b485b20_0 .var "ALUSrcB", 1 0;
v0x564b2b485be0_0 .var "IRWrite", 0 0;
v0x564b2b485ca0_0 .var "IorD", 0 0;
v0x564b2b485db0_0 .var "MemRead", 0 0;
v0x564b2b485e70_0 .var "MemWrite", 0 0;
v0x564b2b485f30_0 .var "MemtoReg", 0 0;
v0x564b2b485ff0_0 .net "Op", 5 0, L_0x564b2b48dfc0;  alias, 1 drivers
v0x564b2b4860d0_0 .var "PCSource", 1 0;
v0x564b2b4861b0_0 .var "PCWrite", 0 0;
v0x564b2b486270_0 .var "PCWriteCond", 0 0;
v0x564b2b486330_0 .var "RegDst", 0 0;
v0x564b2b4863f0_0 .var "RegWrite", 0 0;
v0x564b2b4864b0_0 .net "clock", 0 0, v0x564b2b48de60_0;  alias, 1 drivers
v0x564b2b486570_0 .net "reset", 0 0, v0x564b2b48df00_0;  alias, 1 drivers
v0x564b2b486630_0 .var "state", 3 0;
E_0x564b2b447fc0 .event posedge, v0x564b2b4864b0_0;
E_0x564b2b445ea0 .event anyedge, v0x564b2b486630_0;
S_0x564b2b486930 .scope module, "memory" "Memory" 3 599, 3 357 0, S_0x564b2b4194c0;
 .timescale 0 0;
    .port_info 0 /INPUT 1 "clock";
    .port_info 1 /INPUT 1 "MemRead";
    .port_info 2 /INPUT 1 "MemWrite";
    .port_info 3 /INPUT 32 "address";
    .port_info 4 /INPUT 32 "writeData";
    .port_info 5 /OUTPUT 32 "readData";
v0x564b2b4873d0_0 .net "MemRead", 0 0, v0x564b2b485db0_0;  alias, 1 drivers
v0x564b2b487490_0 .net "MemWrite", 0 0, v0x564b2b485e70_0;  alias, 1 drivers
v0x564b2b487530_0 .net "address", 31 0, v0x564b2b48d1a0_0;  1 drivers
v0x564b2b4875d0_0 .net "clock", 0 0, v0x564b2b48de60_0;  alias, 1 drivers
v0x564b2b487670_0 .var/i "i", 31 0;
v0x564b2b487760 .array "memory", 255 0, 31 0;
v0x564b2b48a030_0 .var "readData", 31 0;
v0x564b2b48a110_0 .net "writeData", 31 0, v0x564b2b48bbd0_0;  1 drivers
v0x564b2b487760_0 .array/port v0x564b2b487760, 0;
v0x564b2b487760_1 .array/port v0x564b2b487760, 1;
E_0x564b2b42e7c0/0 .event anyedge, v0x564b2b485db0_0, v0x564b2b487530_0, v0x564b2b487760_0, v0x564b2b487760_1;
v0x564b2b487760_2 .array/port v0x564b2b487760, 2;
v0x564b2b487760_3 .array/port v0x564b2b487760, 3;
v0x564b2b487760_4 .array/port v0x564b2b487760, 4;
v0x564b2b487760_5 .array/port v0x564b2b487760, 5;
E_0x564b2b42e7c0/1 .event anyedge, v0x564b2b487760_2, v0x564b2b487760_3, v0x564b2b487760_4, v0x564b2b487760_5;
v0x564b2b487760_6 .array/port v0x564b2b487760, 6;
v0x564b2b487760_7 .array/port v0x564b2b487760, 7;
v0x564b2b487760_8 .array/port v0x564b2b487760, 8;
v0x564b2b487760_9 .array/port v0x564b2b487760, 9;
E_0x564b2b42e7c0/2 .event anyedge, v0x564b2b487760_6, v0x564b2b487760_7, v0x564b2b487760_8, v0x564b2b487760_9;
v0x564b2b487760_10 .array/port v0x564b2b487760, 10;
v0x564b2b487760_11 .array/port v0x564b2b487760, 11;
v0x564b2b487760_12 .array/port v0x564b2b487760, 12;
v0x564b2b487760_13 .array/port v0x564b2b487760, 13;
E_0x564b2b42e7c0/3 .event anyedge, v0x564b2b487760_10, v0x564b2b487760_11, v0x564b2b487760_12, v0x564b2b487760_13;
v0x564b2b487760_14 .array/port v0x564b2b487760, 14;
v0x564b2b487760_15 .array/port v0x564b2b487760, 15;
v0x564b2b487760_16 .array/port v0x564b2b487760, 16;
v0x564b2b487760_17 .array/port v0x564b2b487760, 17;
E_0x564b2b42e7c0/4 .event anyedge, v0x564b2b487760_14, v0x564b2b487760_15, v0x564b2b487760_16, v0x564b2b487760_17;
v0x564b2b487760_18 .array/port v0x564b2b487760, 18;
v0x564b2b487760_19 .array/port v0x564b2b487760, 19;
v0x564b2b487760_20 .array/port v0x564b2b487760, 20;
v0x564b2b487760_21 .array/port v0x564b2b487760, 21;
E_0x564b2b42e7c0/5 .event anyedge, v0x564b2b487760_18, v0x564b2b487760_19, v0x564b2b487760_20, v0x564b2b487760_21;
v0x564b2b487760_22 .array/port v0x564b2b487760, 22;
v0x564b2b487760_23 .array/port v0x564b2b487760, 23;
v0x564b2b487760_24 .array/port v0x564b2b487760, 24;
v0x564b2b487760_25 .array/port v0x564b2b487760, 25;
E_0x564b2b42e7c0/6 .event anyedge, v0x564b2b487760_22, v0x564b2b487760_23, v0x564b2b487760_24, v0x564b2b487760_25;
v0x564b2b487760_26 .array/port v0x564b2b487760, 26;
v0x564b2b487760_27 .array/port v0x564b2b487760, 27;
v0x564b2b487760_28 .array/port v0x564b2b487760, 28;
v0x564b2b487760_29 .array/port v0x564b2b487760, 29;
E_0x564b2b42e7c0/7 .event anyedge, v0x564b2b487760_26, v0x564b2b487760_27, v0x564b2b487760_28, v0x564b2b487760_29;
v0x564b2b487760_30 .array/port v0x564b2b487760, 30;
v0x564b2b487760_31 .array/port v0x564b2b487760, 31;
v0x564b2b487760_32 .array/port v0x564b2b487760, 32;
v0x564b2b487760_33 .array/port v0x564b2b487760, 33;
E_0x564b2b42e7c0/8 .event anyedge, v0x564b2b487760_30, v0x564b2b487760_31, v0x564b2b487760_32, v0x564b2b487760_33;
v0x564b2b487760_34 .array/port v0x564b2b487760, 34;
v0x564b2b487760_35 .array/port v0x564b2b487760, 35;
v0x564b2b487760_36 .array/port v0x564b2b487760, 36;
v0x564b2b487760_37 .array/port v0x564b2b487760, 37;
E_0x564b2b42e7c0/9 .event anyedge, v0x564b2b487760_34, v0x564b2b487760_35, v0x564b2b487760_36, v0x564b2b487760_37;
v0x564b2b487760_38 .array/port v0x564b2b487760, 38;
v0x564b2b487760_39 .array/port v0x564b2b487760, 39;
v0x564b2b487760_40 .array/port v0x564b2b487760, 40;
v0x564b2b487760_41 .array/port v0x564b2b487760, 41;
E_0x564b2b42e7c0/10 .event anyedge, v0x564b2b487760_38, v0x564b2b487760_39, v0x564b2b487760_40, v0x564b2b487760_41;
v0x564b2b487760_42 .array/port v0x564b2b487760, 42;
v0x564b2b487760_43 .array/port v0x564b2b487760, 43;
v0x564b2b487760_44 .array/port v0x564b2b487760, 44;
v0x564b2b487760_45 .array/port v0x564b2b487760, 45;
E_0x564b2b42e7c0/11 .event anyedge, v0x564b2b487760_42, v0x564b2b487760_43, v0x564b2b487760_44, v0x564b2b487760_45;
v0x564b2b487760_46 .array/port v0x564b2b487760, 46;
v0x564b2b487760_47 .array/port v0x564b2b487760, 47;
v0x564b2b487760_48 .array/port v0x564b2b487760, 48;
v0x564b2b487760_49 .array/port v0x564b2b487760, 49;
E_0x564b2b42e7c0/12 .event anyedge, v0x564b2b487760_46, v0x564b2b487760_47, v0x564b2b487760_48, v0x564b2b487760_49;
v0x564b2b487760_50 .array/port v0x564b2b487760, 50;
v0x564b2b487760_51 .array/port v0x564b2b487760, 51;
v0x564b2b487760_52 .array/port v0x564b2b487760, 52;
v0x564b2b487760_53 .array/port v0x564b2b487760, 53;
E_0x564b2b42e7c0/13 .event anyedge, v0x564b2b487760_50, v0x564b2b487760_51, v0x564b2b487760_52, v0x564b2b487760_53;
v0x564b2b487760_54 .array/port v0x564b2b487760, 54;
v0x564b2b487760_55 .array/port v0x564b2b487760, 55;
v0x564b2b487760_56 .array/port v0x564b2b487760, 56;
v0x564b2b487760_57 .array/port v0x564b2b487760, 57;
E_0x564b2b42e7c0/14 .event anyedge, v0x564b2b487760_54, v0x564b2b487760_55, v0x564b2b487760_56, v0x564b2b487760_57;
v0x564b2b487760_58 .array/port v0x564b2b487760, 58;
v0x564b2b487760_59 .array/port v0x564b2b487760, 59;
v0x564b2b487760_60 .array/port v0x564b2b487760, 60;
v0x564b2b487760_61 .array/port v0x564b2b487760, 61;
E_0x564b2b42e7c0/15 .event anyedge, v0x564b2b487760_58, v0x564b2b487760_59, v0x564b2b487760_60, v0x564b2b487760_61;
v0x564b2b487760_62 .array/port v0x564b2b487760, 62;
v0x564b2b487760_63 .array/port v0x564b2b487760, 63;
v0x564b2b487760_64 .array/port v0x564b2b487760, 64;
v0x564b2b487760_65 .array/port v0x564b2b487760, 65;
E_0x564b2b42e7c0/16 .event anyedge, v0x564b2b487760_62, v0x564b2b487760_63, v0x564b2b487760_64, v0x564b2b487760_65;
v0x564b2b487760_66 .array/port v0x564b2b487760, 66;
v0x564b2b487760_67 .array/port v0x564b2b487760, 67;
v0x564b2b487760_68 .array/port v0x564b2b487760, 68;
v0x564b2b487760_69 .array/port v0x564b2b487760, 69;
E_0x564b2b42e7c0/17 .event anyedge, v0x564b2b487760_66, v0x564b2b487760_67, v0x564b2b487760_68, v0x564b2b487760_69;
v0x564b2b487760_70 .array/port v0x564b2b487760, 70;
v0x564b2b487760_71 .array/port v0x564b2b487760, 71;
v0x564b2b487760_72 .array/port v0x564b2b487760, 72;
v0x564b2b487760_73 .array/port v0x564b2b487760, 73;
E_0x564b2b42e7c0/18 .event anyedge, v0x564b2b487760_70, v0x564b2b487760_71, v0x564b2b487760_72, v0x564b2b487760_73;
v0x564b2b487760_74 .array/port v0x564b2b487760, 74;
v0x564b2b487760_75 .array/port v0x564b2b487760, 75;
v0x564b2b487760_76 .array/port v0x564b2b487760, 76;
v0x564b2b487760_77 .array/port v0x564b2b487760, 77;
E_0x564b2b42e7c0/19 .event anyedge, v0x564b2b487760_74, v0x564b2b487760_75, v0x564b2b487760_76, v0x564b2b487760_77;
v0x564b2b487760_78 .array/port v0x564b2b487760, 78;
v0x564b2b487760_79 .array/port v0x564b2b487760, 79;
v0x564b2b487760_80 .array/port v0x564b2b487760, 80;
v0x564b2b487760_81 .array/port v0x564b2b487760, 81;
E_0x564b2b42e7c0/20 .event anyedge, v0x564b2b487760_78, v0x564b2b487760_79, v0x564b2b487760_80, v0x564b2b487760_81;
v0x564b2b487760_82 .array/port v0x564b2b487760, 82;
v0x564b2b487760_83 .array/port v0x564b2b487760, 83;
v0x564b2b487760_84 .array/port v0x564b2b487760, 84;
v0x564b2b487760_85 .array/port v0x564b2b487760, 85;
E_0x564b2b42e7c0/21 .event anyedge, v0x564b2b487760_82, v0x564b2b487760_83, v0x564b2b487760_84, v0x564b2b487760_85;
v0x564b2b487760_86 .array/port v0x564b2b487760, 86;
v0x564b2b487760_87 .array/port v0x564b2b487760, 87;
v0x564b2b487760_88 .array/port v0x564b2b487760, 88;
v0x564b2b487760_89 .array/port v0x564b2b487760, 89;
E_0x564b2b42e7c0/22 .event anyedge, v0x564b2b487760_86, v0x564b2b487760_87, v0x564b2b487760_88, v0x564b2b487760_89;
v0x564b2b487760_90 .array/port v0x564b2b487760, 90;
v0x564b2b487760_91 .array/port v0x564b2b487760, 91;
v0x564b2b487760_92 .array/port v0x564b2b487760, 92;
v0x564b2b487760_93 .array/port v0x564b2b487760, 93;
E_0x564b2b42e7c0/23 .event anyedge, v0x564b2b487760_90, v0x564b2b487760_91, v0x564b2b487760_92, v0x564b2b487760_93;
v0x564b2b487760_94 .array/port v0x564b2b487760, 94;
v0x564b2b487760_95 .array/port v0x564b2b487760, 95;
v0x564b2b487760_96 .array/port v0x564b2b487760, 96;
v0x564b2b487760_97 .array/port v0x564b2b487760, 97;
E_0x564b2b42e7c0/24 .event anyedge, v0x564b2b487760_94, v0x564b2b487760_95, v0x564b2b487760_96, v0x564b2b487760_97;
v0x564b2b487760_98 .array/port v0x564b2b487760, 98;
v0x564b2b487760_99 .array/port v0x564b2b487760, 99;
v0x564b2b487760_100 .array/port v0x564b2b487760, 100;
v0x564b2b487760_101 .array/port v0x564b2b487760, 101;
E_0x564b2b42e7c0/25 .event anyedge, v0x564b2b487760_98, v0x564b2b487760_99, v0x564b2b487760_100, v0x564b2b487760_101;
v0x564b2b487760_102 .array/port v0x564b2b487760, 102;
v0x564b2b487760_103 .array/port v0x564b2b487760, 103;
v0x564b2b487760_104 .array/port v0x564b2b487760, 104;
v0x564b2b487760_105 .array/port v0x564b2b487760, 105;
E_0x564b2b42e7c0/26 .event anyedge, v0x564b2b487760_102, v0x564b2b487760_103, v0x564b2b487760_104, v0x564b2b487760_105;
v0x564b2b487760_106 .array/port v0x564b2b487760, 106;
v0x564b2b487760_107 .array/port v0x564b2b487760, 107;
v0x564b2b487760_108 .array/port v0x564b2b487760, 108;
v0x564b2b487760_109 .array/port v0x564b2b487760, 109;
E_0x564b2b42e7c0/27 .event anyedge, v0x564b2b487760_106, v0x564b2b487760_107, v0x564b2b487760_108, v0x564b2b487760_109;
v0x564b2b487760_110 .array/port v0x564b2b487760, 110;
v0x564b2b487760_111 .array/port v0x564b2b487760, 111;
v0x564b2b487760_112 .array/port v0x564b2b487760, 112;
v0x564b2b487760_113 .array/port v0x564b2b487760, 113;
E_0x564b2b42e7c0/28 .event anyedge, v0x564b2b487760_110, v0x564b2b487760_111, v0x564b2b487760_112, v0x564b2b487760_113;
v0x564b2b487760_114 .array/port v0x564b2b487760, 114;
v0x564b2b487760_115 .array/port v0x564b2b487760, 115;
v0x564b2b487760_116 .array/port v0x564b2b487760, 116;
v0x564b2b487760_117 .array/port v0x564b2b487760, 117;
E_0x564b2b42e7c0/29 .event anyedge, v0x564b2b487760_114, v0x564b2b487760_115, v0x564b2b487760_116, v0x564b2b487760_117;
v0x564b2b487760_118 .array/port v0x564b2b487760, 118;
v0x564b2b487760_119 .array/port v0x564b2b487760, 119;
v0x564b2b487760_120 .array/port v0x564b2b487760, 120;
v0x564b2b487760_121 .array/port v0x564b2b487760, 121;
E_0x564b2b42e7c0/30 .event anyedge, v0x564b2b487760_118, v0x564b2b487760_119, v0x564b2b487760_120, v0x564b2b487760_121;
v0x564b2b487760_122 .array/port v0x564b2b487760, 122;
v0x564b2b487760_123 .array/port v0x564b2b487760, 123;
v0x564b2b487760_124 .array/port v0x564b2b487760, 124;
v0x564b2b487760_125 .array/port v0x564b2b487760, 125;
E_0x564b2b42e7c0/31 .event anyedge, v0x564b2b487760_122, v0x564b2b487760_123, v0x564b2b487760_124, v0x564b2b487760_125;
v0x564b2b487760_126 .array/port v0x564b2b487760, 126;
v0x564b2b487760_127 .array/port v0x564b2b487760, 127;
v0x564b2b487760_128 .array/port v0x564b2b487760, 128;
v0x564b2b487760_129 .array/port v0x564b2b487760, 129;
E_0x564b2b42e7c0/32 .event anyedge, v0x564b2b487760_126, v0x564b2b487760_127, v0x564b2b487760_128, v0x564b2b487760_129;
v0x564b2b487760_130 .array/port v0x564b2b487760, 130;
v0x564b2b487760_131 .array/port v0x564b2b487760, 131;
v0x564b2b487760_132 .array/port v0x564b2b487760, 132;
v0x564b2b487760_133 .array/port v0x564b2b487760, 133;
E_0x564b2b42e7c0/33 .event anyedge, v0x564b2b487760_130, v0x564b2b487760_131, v0x564b2b487760_132, v0x564b2b487760_133;
v0x564b2b487760_134 .array/port v0x564b2b487760, 134;
v0x564b2b487760_135 .array/port v0x564b2b487760, 135;
v0x564b2b487760_136 .array/port v0x564b2b487760, 136;
v0x564b2b487760_137 .array/port v0x564b2b487760, 137;
E_0x564b2b42e7c0/34 .event anyedge, v0x564b2b487760_134, v0x564b2b487760_135, v0x564b2b487760_136, v0x564b2b487760_137;
v0x564b2b487760_138 .array/port v0x564b2b487760, 138;
v0x564b2b487760_139 .array/port v0x564b2b487760, 139;
v0x564b2b487760_140 .array/port v0x564b2b487760, 140;
v0x564b2b487760_141 .array/port v0x564b2b487760, 141;
E_0x564b2b42e7c0/35 .event anyedge, v0x564b2b487760_138, v0x564b2b487760_139, v0x564b2b487760_140, v0x564b2b487760_141;
v0x564b2b487760_142 .array/port v0x564b2b487760, 142;
v0x564b2b487760_143 .array/port v0x564b2b487760, 143;
v0x564b2b487760_144 .array/port v0x564b2b487760, 144;
v0x564b2b487760_145 .array/port v0x564b2b487760, 145;
E_0x564b2b42e7c0/36 .event anyedge, v0x564b2b487760_142, v0x564b2b487760_143, v0x564b2b487760_144, v0x564b2b487760_145;
v0x564b2b487760_146 .array/port v0x564b2b487760, 146;
v0x564b2b487760_147 .array/port v0x564b2b487760, 147;
v0x564b2b487760_148 .array/port v0x564b2b487760, 148;
v0x564b2b487760_149 .array/port v0x564b2b487760, 149;
E_0x564b2b42e7c0/37 .event anyedge, v0x564b2b487760_146, v0x564b2b487760_147, v0x564b2b487760_148, v0x564b2b487760_149;
v0x564b2b487760_150 .array/port v0x564b2b487760, 150;
v0x564b2b487760_151 .array/port v0x564b2b487760, 151;
v0x564b2b487760_152 .array/port v0x564b2b487760, 152;
v0x564b2b487760_153 .array/port v0x564b2b487760, 153;
E_0x564b2b42e7c0/38 .event anyedge, v0x564b2b487760_150, v0x564b2b487760_151, v0x564b2b487760_152, v0x564b2b487760_153;
v0x564b2b487760_154 .array/port v0x564b2b487760, 154;
v0x564b2b487760_155 .array/port v0x564b2b487760, 155;
v0x564b2b487760_156 .array/port v0x564b2b487760, 156;
v0x564b2b487760_157 .array/port v0x564b2b487760, 157;
E_0x564b2b42e7c0/39 .event anyedge, v0x564b2b487760_154, v0x564b2b487760_155, v0x564b2b487760_156, v0x564b2b487760_157;
v0x564b2b487760_158 .array/port v0x564b2b487760, 158;
v0x564b2b487760_159 .array/port v0x564b2b487760, 159;
v0x564b2b487760_160 .array/port v0x564b2b487760, 160;
v0x564b2b487760_161 .array/port v0x564b2b487760, 161;
E_0x564b2b42e7c0/40 .event anyedge, v0x564b2b487760_158, v0x564b2b487760_159, v0x564b2b487760_160, v0x564b2b487760_161;
v0x564b2b487760_162 .array/port v0x564b2b487760, 162;
v0x564b2b487760_163 .array/port v0x564b2b487760, 163;
v0x564b2b487760_164 .array/port v0x564b2b487760, 164;
v0x564b2b487760_165 .array/port v0x564b2b487760, 165;
E_0x564b2b42e7c0/41 .event anyedge, v0x564b2b487760_162, v0x564b2b487760_163, v0x564b2b487760_164, v0x564b2b487760_165;
v0x564b2b487760_166 .array/port v0x564b2b487760, 166;
v0x564b2b487760_167 .array/port v0x564b2b487760, 167;
v0x564b2b487760_168 .array/port v0x564b2b487760, 168;
v0x564b2b487760_169 .array/port v0x564b2b487760, 169;
E_0x564b2b42e7c0/42 .event anyedge, v0x564b2b487760_166, v0x564b2b487760_167, v0x564b2b487760_168, v0x564b2b487760_169;
v0x564b2b487760_170 .array/port v0x564b2b487760, 170;
v0x564b2b487760_171 .array/port v0x564b2b487760, 171;
v0x564b2b487760_172 .array/port v0x564b2b487760, 172;
v0x564b2b487760_173 .array/port v0x564b2b487760, 173;
E_0x564b2b42e7c0/43 .event anyedge, v0x564b2b487760_170, v0x564b2b487760_171, v0x564b2b487760_172, v0x564b2b487760_173;
v0x564b2b487760_174 .array/port v0x564b2b487760, 174;
v0x564b2b487760_175 .array/port v0x564b2b487760, 175;
v0x564b2b487760_176 .array/port v0x564b2b487760, 176;
v0x564b2b487760_177 .array/port v0x564b2b487760, 177;
E_0x564b2b42e7c0/44 .event anyedge, v0x564b2b487760_174, v0x564b2b487760_175, v0x564b2b487760_176, v0x564b2b487760_177;
v0x564b2b487760_178 .array/port v0x564b2b487760, 178;
v0x564b2b487760_179 .array/port v0x564b2b487760, 179;
v0x564b2b487760_180 .array/port v0x564b2b487760, 180;
v0x564b2b487760_181 .array/port v0x564b2b487760, 181;
E_0x564b2b42e7c0/45 .event anyedge, v0x564b2b487760_178, v0x564b2b487760_179, v0x564b2b487760_180, v0x564b2b487760_181;
v0x564b2b487760_182 .array/port v0x564b2b487760, 182;
v0x564b2b487760_183 .array/port v0x564b2b487760, 183;
v0x564b2b487760_184 .array/port v0x564b2b487760, 184;
v0x564b2b487760_185 .array/port v0x564b2b487760, 185;
E_0x564b2b42e7c0/46 .event anyedge, v0x564b2b487760_182, v0x564b2b487760_183, v0x564b2b487760_184, v0x564b2b487760_185;
v0x564b2b487760_186 .array/port v0x564b2b487760, 186;
v0x564b2b487760_187 .array/port v0x564b2b487760, 187;
v0x564b2b487760_188 .array/port v0x564b2b487760, 188;
v0x564b2b487760_189 .array/port v0x564b2b487760, 189;
E_0x564b2b42e7c0/47 .event anyedge, v0x564b2b487760_186, v0x564b2b487760_187, v0x564b2b487760_188, v0x564b2b487760_189;
v0x564b2b487760_190 .array/port v0x564b2b487760, 190;
v0x564b2b487760_191 .array/port v0x564b2b487760, 191;
v0x564b2b487760_192 .array/port v0x564b2b487760, 192;
v0x564b2b487760_193 .array/port v0x564b2b487760, 193;
E_0x564b2b42e7c0/48 .event anyedge, v0x564b2b487760_190, v0x564b2b487760_191, v0x564b2b487760_192, v0x564b2b487760_193;
v0x564b2b487760_194 .array/port v0x564b2b487760, 194;
v0x564b2b487760_195 .array/port v0x564b2b487760, 195;
v0x564b2b487760_196 .array/port v0x564b2b487760, 196;
v0x564b2b487760_197 .array/port v0x564b2b487760, 197;
E_0x564b2b42e7c0/49 .event anyedge, v0x564b2b487760_194, v0x564b2b487760_195, v0x564b2b487760_196, v0x564b2b487760_197;
v0x564b2b487760_198 .array/port v0x564b2b487760, 198;
v0x564b2b487760_199 .array/port v0x564b2b487760, 199;
v0x564b2b487760_200 .array/port v0x564b2b487760, 200;
v0x564b2b487760_201 .array/port v0x564b2b487760, 201;
E_0x564b2b42e7c0/50 .event anyedge, v0x564b2b487760_198, v0x564b2b487760_199, v0x564b2b487760_200, v0x564b2b487760_201;
v0x564b2b487760_202 .array/port v0x564b2b487760, 202;
v0x564b2b487760_203 .array/port v0x564b2b487760, 203;
v0x564b2b487760_204 .array/port v0x564b2b487760, 204;
v0x564b2b487760_205 .array/port v0x564b2b487760, 205;
E_0x564b2b42e7c0/51 .event anyedge, v0x564b2b487760_202, v0x564b2b487760_203, v0x564b2b487760_204, v0x564b2b487760_205;
v0x564b2b487760_206 .array/port v0x564b2b487760, 206;
v0x564b2b487760_207 .array/port v0x564b2b487760, 207;
v0x564b2b487760_208 .array/port v0x564b2b487760, 208;
v0x564b2b487760_209 .array/port v0x564b2b487760, 209;
E_0x564b2b42e7c0/52 .event anyedge, v0x564b2b487760_206, v0x564b2b487760_207, v0x564b2b487760_208, v0x564b2b487760_209;
v0x564b2b487760_210 .array/port v0x564b2b487760, 210;
v0x564b2b487760_211 .array/port v0x564b2b487760, 211;
v0x564b2b487760_212 .array/port v0x564b2b487760, 212;
v0x564b2b487760_213 .array/port v0x564b2b487760, 213;
E_0x564b2b42e7c0/53 .event anyedge, v0x564b2b487760_210, v0x564b2b487760_211, v0x564b2b487760_212, v0x564b2b487760_213;
v0x564b2b487760_214 .array/port v0x564b2b487760, 214;
v0x564b2b487760_215 .array/port v0x564b2b487760, 215;
v0x564b2b487760_216 .array/port v0x564b2b487760, 216;
v0x564b2b487760_217 .array/port v0x564b2b487760, 217;
E_0x564b2b42e7c0/54 .event anyedge, v0x564b2b487760_214, v0x564b2b487760_215, v0x564b2b487760_216, v0x564b2b487760_217;
v0x564b2b487760_218 .array/port v0x564b2b487760, 218;
v0x564b2b487760_219 .array/port v0x564b2b487760, 219;
v0x564b2b487760_220 .array/port v0x564b2b487760, 220;
v0x564b2b487760_221 .array/port v0x564b2b487760, 221;
E_0x564b2b42e7c0/55 .event anyedge, v0x564b2b487760_218, v0x564b2b487760_219, v0x564b2b487760_220, v0x564b2b487760_221;
v0x564b2b487760_222 .array/port v0x564b2b487760, 222;
v0x564b2b487760_223 .array/port v0x564b2b487760, 223;
v0x564b2b487760_224 .array/port v0x564b2b487760, 224;
v0x564b2b487760_225 .array/port v0x564b2b487760, 225;
E_0x564b2b42e7c0/56 .event anyedge, v0x564b2b487760_222, v0x564b2b487760_223, v0x564b2b487760_224, v0x564b2b487760_225;
v0x564b2b487760_226 .array/port v0x564b2b487760, 226;
v0x564b2b487760_227 .array/port v0x564b2b487760, 227;
v0x564b2b487760_228 .array/port v0x564b2b487760, 228;
v0x564b2b487760_229 .array/port v0x564b2b487760, 229;
E_0x564b2b42e7c0/57 .event anyedge, v0x564b2b487760_226, v0x564b2b487760_227, v0x564b2b487760_228, v0x564b2b487760_229;
v0x564b2b487760_230 .array/port v0x564b2b487760, 230;
v0x564b2b487760_231 .array/port v0x564b2b487760, 231;
v0x564b2b487760_232 .array/port v0x564b2b487760, 232;
v0x564b2b487760_233 .array/port v0x564b2b487760, 233;
E_0x564b2b42e7c0/58 .event anyedge, v0x564b2b487760_230, v0x564b2b487760_231, v0x564b2b487760_232, v0x564b2b487760_233;
v0x564b2b487760_234 .array/port v0x564b2b487760, 234;
v0x564b2b487760_235 .array/port v0x564b2b487760, 235;
v0x564b2b487760_236 .array/port v0x564b2b487760, 236;
v0x564b2b487760_237 .array/port v0x564b2b487760, 237;
E_0x564b2b42e7c0/59 .event anyedge, v0x564b2b487760_234, v0x564b2b487760_235, v0x564b2b487760_236, v0x564b2b487760_237;
v0x564b2b487760_238 .array/port v0x564b2b487760, 238;
v0x564b2b487760_239 .array/port v0x564b2b487760, 239;
v0x564b2b487760_240 .array/port v0x564b2b487760, 240;
v0x564b2b487760_241 .array/port v0x564b2b487760, 241;
E_0x564b2b42e7c0/60 .event anyedge, v0x564b2b487760_238, v0x564b2b487760_239, v0x564b2b487760_240, v0x564b2b487760_241;
v0x564b2b487760_242 .array/port v0x564b2b487760, 242;
v0x564b2b487760_243 .array/port v0x564b2b487760, 243;
v0x564b2b487760_244 .array/port v0x564b2b487760, 244;
v0x564b2b487760_245 .array/port v0x564b2b487760, 245;
E_0x564b2b42e7c0/61 .event anyedge, v0x564b2b487760_242, v0x564b2b487760_243, v0x564b2b487760_244, v0x564b2b487760_245;
v0x564b2b487760_246 .array/port v0x564b2b487760, 246;
v0x564b2b487760_247 .array/port v0x564b2b487760, 247;
v0x564b2b487760_248 .array/port v0x564b2b487760, 248;
v0x564b2b487760_249 .array/port v0x564b2b487760, 249;
E_0x564b2b42e7c0/62 .event anyedge, v0x564b2b487760_246, v0x564b2b487760_247, v0x564b2b487760_248, v0x564b2b487760_249;
v0x564b2b487760_250 .array/port v0x564b2b487760, 250;
v0x564b2b487760_251 .array/port v0x564b2b487760, 251;
v0x564b2b487760_252 .array/port v0x564b2b487760, 252;
v0x564b2b487760_253 .array/port v0x564b2b487760, 253;
E_0x564b2b42e7c0/63 .event anyedge, v0x564b2b487760_250, v0x564b2b487760_251, v0x564b2b487760_252, v0x564b2b487760_253;
v0x564b2b487760_254 .array/port v0x564b2b487760, 254;
v0x564b2b487760_255 .array/port v0x564b2b487760, 255;
E_0x564b2b42e7c0/64 .event anyedge, v0x564b2b487760_254, v0x564b2b487760_255;
E_0x564b2b42e7c0 .event/or E_0x564b2b42e7c0/0, E_0x564b2b42e7c0/1, E_0x564b2b42e7c0/2, E_0x564b2b42e7c0/3, E_0x564b2b42e7c0/4, E_0x564b2b42e7c0/5, E_0x564b2b42e7c0/6, E_0x564b2b42e7c0/7, E_0x564b2b42e7c0/8, E_0x564b2b42e7c0/9, E_0x564b2b42e7c0/10, E_0x564b2b42e7c0/11, E_0x564b2b42e7c0/12, E_0x564b2b42e7c0/13, E_0x564b2b42e7c0/14, E_0x564b2b42e7c0/15, E_0x564b2b42e7c0/16, E_0x564b2b42e7c0/17, E_0x564b2b42e7c0/18, E_0x564b2b42e7c0/19, E_0x564b2b42e7c0/20, E_0x564b2b42e7c0/21, E_0x564b2b42e7c0/22, E_0x564b2b42e7c0/23, E_0x564b2b42e7c0/24, E_0x564b2b42e7c0/25, E_0x564b2b42e7c0/26, E_0x564b2b42e7c0/27, E_0x564b2b42e7c0/28, E_0x564b2b42e7c0/29, E_0x564b2b42e7c0/30, E_0x564b2b42e7c0/31, E_0x564b2b42e7c0/32, E_0x564b2b42e7c0/33, E_0x564b2b42e7c0/34, E_0x564b2b42e7c0/35, E_0x564b2b42e7c0/36, E_0x564b2b42e7c0/37, E_0x564b2b42e7c0/38, E_0x564b2b42e7c0/39, E_0x564b2b42e7c0/40, E_0x564b2b42e7c0/41, E_0x564b2b42e7c0/42, E_0x564b2b42e7c0/43, E_0x564b2b42e7c0/44, E_0x564b2b42e7c0/45, E_0x564b2b42e7c0/46, E_0x564b2b42e7c0/47, E_0x564b2b42e7c0/48, E_0x564b2b42e7c0/49, E_0x564b2b42e7c0/50, E_0x564b2b42e7c0/51, E_0x564b2b42e7c0/52, E_0x564b2b42e7c0/53, E_0x564b2b42e7c0/54, E_0x564b2b42e7c0/55, E_0x564b2b42e7c0/56, E_0x564b2b42e7c0/57, E_0x564b2b42e7c0/58, E_0x564b2b42e7c0/59, E_0x564b2b42e7c0/60, E_0x564b2b42e7c0/61, E_0x564b2b42e7c0/62, E_0x564b2b42e7c0/63, E_0x564b2b42e7c0/64;
S_0x564b2b48a2b0 .scope module, "registers" "Registers" 3 602, 3 398 0, S_0x564b2b4194c0;
 .timescale 0 0;
    .port_info 0 /INPUT 1 "clock";
    .port_info 1 /INPUT 1 "reset";
    .port_info 2 /INPUT 5 "ReadRegister1";
    .port_info 3 /INPUT 5 "ReadRegister2";
    .port_info 4 /INPUT 5 "WriteRegister";
    .port_info 5 /INPUT 32 "WriteData";
    .port_info 6 /INPUT 1 "RegWrite";
    .port_info 7 /OUTPUT 32 "ReadData1";
    .port_info 8 /OUTPUT 32 "ReadData2";
L_0x564b2b465cf0 .functor BUFZ 32, L_0x564b2b48ef80, C4<00000000000000000000000000000000>, C4<00000000000000000000000000000000>, C4<00000000000000000000000000000000>;
L_0x564b2b465d60 .functor BUFZ 32, L_0x564b2b48f200, C4<00000000000000000000000000000000>, C4<00000000000000000000000000000000>, C4<00000000000000000000000000000000>;
v0x564b2b48a530_0 .net "ReadData1", 31 0, L_0x564b2b465cf0;  alias, 1 drivers
v0x564b2b48a630_0 .net "ReadData2", 31 0, L_0x564b2b465d60;  alias, 1 drivers
v0x564b2b48a710_0 .net "ReadRegister1", 4 0, L_0x564b2b48e060;  alias, 1 drivers
v0x564b2b48a7d0_0 .net "ReadRegister2", 4 0, L_0x564b2b48e1a0;  alias, 1 drivers
v0x564b2b48a8b0_0 .net "RegWrite", 0 0, v0x564b2b4863f0_0;  alias, 1 drivers
v0x564b2b48a9a0_0 .net "WriteData", 31 0, v0x564b2b48dc80_0;  1 drivers
v0x564b2b48aa60_0 .net "WriteRegister", 4 0, v0x564b2b48dd50_0;  1 drivers
v0x564b2b48ab40_0 .net *"_ivl_0", 31 0, L_0x564b2b48ef80;  1 drivers
v0x564b2b48ac20_0 .net *"_ivl_10", 6 0, L_0x564b2b48f2a0;  1 drivers
L_0x7fea8bb370f0 .functor BUFT 1, C4<00>, C4<0>, C4<0>, C4<0>;
v0x564b2b48ad00_0 .net *"_ivl_13", 1 0, L_0x7fea8bb370f0;  1 drivers
v0x564b2b48ade0_0 .net *"_ivl_2", 6 0, L_0x564b2b48f020;  1 drivers
L_0x7fea8bb370a8 .functor BUFT 1, C4<00>, C4<0>, C4<0>, C4<0>;
v0x564b2b48aec0_0 .net *"_ivl_5", 1 0, L_0x7fea8bb370a8;  1 drivers
v0x564b2b48afa0_0 .net *"_ivl_8", 31 0, L_0x564b2b48f200;  1 drivers
v0x564b2b48b080_0 .net "clock", 0 0, v0x564b2b48de60_0;  alias, 1 drivers
v0x564b2b48b120_0 .var/i "i", 31 0;
v0x564b2b48b200 .array "registers", 31 0, 31 0;
v0x564b2b48b2c0_0 .net "reset", 0 0, v0x564b2b48df00_0;  alias, 1 drivers
L_0x564b2b48ef80 .array/port v0x564b2b48b200, L_0x564b2b48f020;
L_0x564b2b48f020 .concat [ 5 2 0 0], L_0x564b2b48e060, L_0x7fea8bb370a8;
L_0x564b2b48f200 .array/port v0x564b2b48b200, L_0x564b2b48f2a0;
L_0x564b2b48f2a0 .concat [ 5 2 0 0], L_0x564b2b48e1a0, L_0x7fea8bb370f0;
    .scope S_0x564b2b484b10;
T_0 ;
    %wait E_0x564b2b445ea0;
    %pushi/vec4 0, 0, 1;
    %store/vec4 v0x564b2b486270_0, 0, 1;
    %pushi/vec4 0, 0, 1;
    %store/vec4 v0x564b2b4861b0_0, 0, 1;
    %pushi/vec4 0, 0, 1;
    %store/vec4 v0x564b2b485ca0_0, 0, 1;
    %pushi/vec4 0, 0, 1;
    %store/vec4 v0x564b2b485db0_0, 0, 1;
    %pushi/vec4 0, 0, 1;
    %store/vec4 v0x564b2b485e70_0, 0, 1;
    %pushi/vec4 0, 0, 1;
    %store/vec4 v0x564b2b485f30_0, 0, 1;
    %pushi/vec4 0, 0, 1;
    %store/vec4 v0x564b2b485be0_0, 0, 1;
    %pushi/vec4 0, 0, 2;
    %store/vec4 v0x564b2b4860d0_0, 0, 2;
    %pushi/vec4 0, 0, 2;
    %store/vec4 v0x564b2b4859a0_0, 0, 2;
    %pushi/vec4 0, 0, 2;
    %store/vec4 v0x564b2b485b20_0, 0, 2;
    %pushi/vec4 0, 0, 1;
    %store/vec4 v0x564b2b485a80_0, 0, 1;
    %pushi/vec4 0, 0, 1;
    %store/vec4 v0x564b2b4863f0_0, 0, 1;
    %pushi/vec4 0, 0, 1;
    %store/vec4 v0x564b2b486330_0, 0, 1;
    %load/vec4 v0x564b2b486630_0;
    %dup/vec4;
    %pushi/vec4 0, 0, 4;
    %cmp/u;
    %jmp/1 T_0.0, 6;
    %dup/vec4;
    %pushi/vec4 1, 0, 4;
    %cmp/u;
    %jmp/1 T_0.1, 6;
    %dup/vec4;
    %pushi/vec4 2, 0, 4;
    %cmp/u;
    %jmp/1 T_0.2, 6;
    %dup/vec4;
    %pushi/vec4 3, 0, 4;
    %cmp/u;
    %jmp/1 T_0.3, 6;
    %dup/vec4;
    %pushi/vec4 4, 0, 4;
    %cmp/u;
    %jmp/1 T_0.4, 6;
    %dup/vec4;
    %pushi/vec4 5, 0, 4;
    %cmp/u;
    %jmp/1 T_0.5, 6;
    %dup/vec4;
    %pushi/vec4 6, 0, 4;
    %cmp/u;
    %jmp/1 T_0.6, 6;
    %dup/vec4;
    %pushi/vec4 7, 0, 4;
    %cmp/u;
    %jmp/1 T_0.7, 6;
    %dup/vec4;
    %pushi/vec4 8, 0, 4;
    %cmp/u;
    %jmp/1 T_0.8, 6;
    %dup/vec4;
    %pushi/vec4 9, 0, 4;
    %cmp/u;
    %jmp/1 T_0.9, 6;
    %jmp T_0.11;
T_0.0 ;
    %pushi/vec4 1, 0, 1;
    %store/vec4 v0x564b2b485db0_0, 0, 1;
    %pushi/vec4 1, 0, 1;
    %store/vec4 v0x564b2b485be0_0, 0, 1;
    %pushi/vec4 1, 0, 1;
    %store/vec4 v0x564b2b4861b0_0, 0, 1;
    %pushi/vec4 0, 0, 1;
    %store/vec4 v0x564b2b485a80_0, 0, 1;
    %pushi/vec4 1, 0, 2;
    %store/vec4 v0x564b2b485b20_0, 0, 2;
    %pushi/vec4 0, 0, 2;
    %store/vec4 v0x564b2b4859a0_0, 0, 2;
    %pushi/vec4 0, 0, 2;
    %store/vec4 v0x564b2b4860d0_0, 0, 2;
    %jmp T_0.11;
T_0.1 ;
    %pushi/vec4 0, 0, 1;
    %store/vec4 v0x564b2b485a80_0, 0, 1;
    %pushi/vec4 3, 0, 2;
    %store/vec4 v0x564b2b485b20_0, 0, 2;
    %pushi/vec4 0, 0, 2;
    %store/vec4 v0x564b2b4859a0_0, 0, 2;
    %jmp T_0.11;
T_0.2 ;
    %pushi/vec4 1, 0, 1;
    %store/vec4 v0x564b2b485a80_0, 0, 1;
    %pushi/vec4 2, 0, 2;
    %store/vec4 v0x564b2b485b20_0, 0, 2;
    %pushi/vec4 0, 0, 2;
    %store/vec4 v0x564b2b4859a0_0, 0, 2;
    %jmp T_0.11;
T_0.3 ;
    %pushi/vec4 1, 0, 1;
    %store/vec4 v0x564b2b485db0_0, 0, 1;
    %pushi/vec4 1, 0, 1;
    %store/vec4 v0x564b2b485ca0_0, 0, 1;
    %jmp T_0.11;
T_0.4 ;
    %pushi/vec4 1, 0, 1;
    %store/vec4 v0x564b2b4863f0_0, 0, 1;
    %pushi/vec4 0, 0, 1;
    %store/vec4 v0x564b2b486330_0, 0, 1;
    %pushi/vec4 1, 0, 1;
    %store/vec4 v0x564b2b485f30_0, 0, 1;
    %jmp T_0.11;
T_0.5 ;
    %pushi/vec4 1, 0, 1;
    %store/vec4 v0x564b2b485e70_0, 0, 1;
    %pushi/vec4 1, 0, 1;
    %store/vec4 v0x564b2b485ca0_0, 0, 1;
    %jmp T_0.11;
T_0.6 ;
    %pushi/vec4 1, 0, 1;
    %store/vec4 v0x564b2b485a80_0, 0, 1;
    %pushi/vec4 0, 0, 2;
    %store/vec4 v0x564b2b485b20_0, 0, 2;
    %pushi/vec4 2, 0, 2;
    %store/vec4 v0x564b2b4859a0_0, 0, 2;
    %jmp T_0.11;
T_0.7 ;
    %pushi/vec4 1, 0, 1;
    %store/vec4 v0x564b2b4863f0_0, 0, 1;
    %pushi/vec4 1, 0, 1;
    %store/vec4 v0x564b2b486330_0, 0, 1;
    %pushi/vec4 0, 0, 1;
    %store/vec4 v0x564b2b485f30_0, 0, 1;
    %jmp T_0.11;
T_0.8 ;
    %pushi/vec4 1, 0, 1;
    %store/vec4 v0x564b2b485a80_0, 0, 1;
    %pushi/vec4 0, 0, 2;
    %store/vec4 v0x564b2b485b20_0, 0, 2;
    %pushi/vec4 1, 0, 2;
    %store/vec4 v0x564b2b4859a0_0, 0, 2;
    %pushi/vec4 1, 0, 1;
    %store/vec4 v0x564b2b486270_0, 0, 1;
    %pushi/vec4 1, 0, 2;
    %store/vec4 v0x564b2b4860d0_0, 0, 2;
    %jmp T_0.11;
T_0.9 ;
    %pushi/vec4 1, 0, 1;
    %store/vec4 v0x564b2b4861b0_0, 0, 1;
    %pushi/vec4 2, 0, 2;
    %store/vec4 v0x564b2b4860d0_0, 0, 2;
    %jmp T_0.11;
T_0.11 ;
    %pop/vec4 1;
    %jmp T_0;
    .thread T_0, $push;
    .scope S_0x564b2b484b10;
T_1 ;
    %wait E_0x564b2b447fc0;
    %load/vec4 v0x564b2b486570_0;
    %cmpi/e 1, 0, 1;
    %jmp/0xz  T_1.0, 4;
    %pushi/vec4 0, 0, 4;
    %assign/vec4 v0x564b2b486630_0, 0;
    %jmp T_1.1;
T_1.0 ;
    %load/vec4 v0x564b2b486630_0;
    %dup/vec4;
    %pushi/vec4 0, 0, 4;
    %cmp/u;
    %jmp/1 T_1.2, 6;
    %dup/vec4;
    %pushi/vec4 1, 0, 4;
    %cmp/u;
    %jmp/1 T_1.3, 6;
    %dup/vec4;
    %pushi/vec4 2, 0, 4;
    %cmp/u;
    %jmp/1 T_1.4, 6;
    %dup/vec4;
    %pushi/vec4 3, 0, 4;
    %cmp/u;
    %jmp/1 T_1.5, 6;
    %dup/vec4;
    %pushi/vec4 4, 0, 4;
    %cmp/u;
    %jmp/1 T_1.6, 6;
    %dup/vec4;
    %pushi/vec4 5, 0, 4;
    %cmp/u;
    %jmp/1 T_1.7, 6;
    %dup/vec4;
    %pushi/vec4 6, 0, 4;
    %cmp/u;
    %jmp/1 T_1.8, 6;
    %dup/vec4;
    %pushi/vec4 7, 0, 4;
    %cmp/u;
    %jmp/1 T_1.9, 6;
    %dup/vec4;
    %pushi/vec4 8, 0, 4;
    %cmp/u;
    %jmp/1 T_1.10, 6;
    %dup/vec4;
    %pushi/vec4 9, 0, 4;
    %cmp/u;
    %jmp/1 T_1.11, 6;
    %pushi/vec4 0, 0, 4;
    %assign/vec4 v0x564b2b486630_0, 0;
    %jmp T_1.13;
T_1.2 ;
    %pushi/vec4 1, 0, 4;
    %assign/vec4 v0x564b2b486630_0, 0;
    %jmp T_1.13;
T_1.3 ;
    %load/vec4 v0x564b2b485ff0_0;
    %dup/vec4;
    %pushi/vec4 35, 0, 6;
    %cmp/u;
    %jmp/1 T_1.14, 6;
    %dup/vec4;
    %pushi/vec4 43, 0, 6;
    %cmp/u;
    %jmp/1 T_1.15, 6;
    %dup/vec4;
    %pushi/vec4 0, 0, 6;
    %cmp/u;
    %jmp/1 T_1.16, 6;
    %dup/vec4;
    %pushi/vec4 4, 0, 6;
    %cmp/u;
    %jmp/1 T_1.17, 6;
    %dup/vec4;
    %pushi/vec4 2, 0, 6;
    %cmp/u;
    %jmp/1 T_1.18, 6;
    %pushi/vec4 0, 0, 4;
    %assign/vec4 v0x564b2b486630_0, 0;
    %jmp T_1.20;
T_1.14 ;
    %pushi/vec4 2, 0, 4;
    %assign/vec4 v0x564b2b486630_0, 0;
    %jmp T_1.20;
T_1.15 ;
    %pushi/vec4 2, 0, 4;
    %assign/vec4 v0x564b2b486630_0, 0;
    %jmp T_1.20;
T_1.16 ;
    %pushi/vec4 6, 0, 4;
    %assign/vec4 v0x564b2b486630_0, 0;
    %jmp T_1.20;
T_1.17 ;
    %pushi/vec4 8, 0, 4;
    %assign/vec4 v0x564b2b486630_0, 0;
    %jmp T_1.20;
T_1.18 ;
    %pushi/vec4 9, 0, 4;
    %assign/vec4 v0x564b2b486630_0, 0;
    %jmp T_1.20;
T_1.20 ;
    %pop/vec4 1;
    %jmp T_1.13;
T_1.4 ;
    %load/vec4 v0x564b2b485ff0_0;
    %dup/vec4;
    %pushi/vec4 35, 0, 6;
    %cmp/u;
    %jmp/1 T_1.21, 6;
    %pushi/vec4 5, 0, 4;
    %assign/vec4 v0x564b2b486630_0, 0;
    %jmp T_1.23;
T_1.21 ;
    %pushi/vec4 3, 0, 4;
    %assign/vec4 v0x564b2b486630_0, 0;
    %jmp T_1.23;
T_1.23 ;
    %pop/vec4 1;
    %jmp T_1.13;
T_1.5 ;
    %pushi/vec4 4, 0, 4;
    %assign/vec4 v0x564b2b486630_0, 0;
    %jmp T_1.13;
T_1.6 ;
    %pushi/vec4 0, 0, 4;
    %assign/vec4 v0x564b2b486630_0, 0;
    %jmp T_1.13;
T_1.7 ;
    %pushi/vec4 0, 0, 4;
    %assign/vec4 v0x564b2b486630_0, 0;
    %jmp T_1.13;
T_1.8 ;
    %pushi/vec4 7, 0, 4;
    %assign/vec4 v0x564b2b486630_0, 0;
    %jmp T_1.13;
T_1.9 ;
    %pushi/vec4 0, 0, 4;
    %assign/vec4 v0x564b2b486630_0, 0;
    %jmp T_1.13;
T_1.10 ;
    %pushi/vec4 0, 0, 4;
    %assign/vec4 v0x564b2b486630_0, 0;
    %jmp T_1.13;
T_1.11 ;
    %pushi/vec4 0, 0, 4;
    %assign/vec4 v0x564b2b486630_0, 0;
    %jmp T_1.13;
T_1.13 ;
    %pop/vec4 1;
T_1.1 ;
    %jmp T_1;
    .thread T_1;
    .scope S_0x564b2b486930;
T_2 ;
    %pushi/vec4 0, 0, 32;
    %store/vec4 v0x564b2b487670_0, 0, 32;
T_2.0 ; Top of for-loop
    %load/vec4 v0x564b2b487670_0;
    %cmpi/s 256, 0, 32;
	  %jmp/0xz T_2.1, 5;
    %pushi/vec4 0, 0, 32;
    %ix/getv/s 4, v0x564b2b487670_0;
    %store/vec4a v0x564b2b487760, 4, 0;
T_2.2 ; for-loop step statement
    %load/vec4 v0x564b2b487670_0;
    %addi 1, 0, 32;
    %store/vec4 v0x564b2b487670_0, 0, 32;
    %jmp T_2.0;
T_2.1 ; for-loop exit label
    %vpi_call 3 375 "$readmemb", "test.mem", v0x564b2b487760 {0 0 0};
    %end;
    .thread T_2;
    .scope S_0x564b2b486930;
T_3 ;
    %wait E_0x564b2b42e7c0;
    %load/vec4 v0x564b2b4873d0_0;
    %cmpi/e 1, 0, 1;
    %jmp/0xz  T_3.0, 4;
    %load/vec4 v0x564b2b487530_0;
    %parti/s 8, 2, 3;
    %pad/u 10;
    %ix/vec4 4;
    %load/vec4a v0x564b2b487760, 4;
    %store/vec4 v0x564b2b48a030_0, 0, 32;
    %jmp T_3.1;
T_3.0 ;
    %pushi/vec4 0, 0, 32;
    %store/vec4 v0x564b2b48a030_0, 0, 32;
T_3.1 ;
    %jmp T_3;
    .thread T_3, $push;
    .scope S_0x564b2b486930;
T_4 ;
    %wait E_0x564b2b447fc0;
    %load/vec4 v0x564b2b487490_0;
    %cmpi/e 1, 0, 1;
    %jmp/0xz  T_4.0, 4;
    %load/vec4 v0x564b2b48a110_0;
    %load/vec4 v0x564b2b487530_0;
    %parti/s 8, 2, 3;
    %pad/u 10;
    %ix/vec4 3;
    %ix/load 4, 0, 0; Constant delay
    %assign/vec4/a/d v0x564b2b487760, 0, 4;
T_4.0 ;
    %jmp T_4;
    .thread T_4;
    .scope S_0x564b2b48a2b0;
T_5 ;
    %wait E_0x564b2b447fc0;
    %load/vec4 v0x564b2b48b2c0_0;
    %cmpi/e 1, 0, 1;
    %jmp/0xz  T_5.0, 4;
    %pushi/vec4 0, 0, 32;
    %store/vec4 v0x564b2b48b120_0, 0, 32;
T_5.2 ; Top of for-loop
    %load/vec4 v0x564b2b48b120_0;
    %cmpi/s 32, 0, 32;
	  %jmp/0xz T_5.3, 5;
    %pushi/vec4 0, 0, 32;
    %ix/getv/s 3, v0x564b2b48b120_0;
    %ix/load 4, 0, 0; Constant delay
    %assign/vec4/a/d v0x564b2b48b200, 0, 4;
T_5.4 ; for-loop step statement
    %load/vec4 v0x564b2b48b120_0;
    %addi 1, 0, 32;
    %store/vec4 v0x564b2b48b120_0, 0, 32;
    %jmp T_5.2;
T_5.3 ; for-loop exit label
    %jmp T_5.1;
T_5.0 ;
    %load/vec4 v0x564b2b48a8b0_0;
    %cmpi/e 1, 0, 1;
    %jmp/0xz  T_5.5, 4;
    %load/vec4 v0x564b2b48aa60_0;
    %cmpi/ne 0, 0, 5;
    %jmp/0xz  T_5.7, 4;
    %load/vec4 v0x564b2b48a9a0_0;
    %load/vec4 v0x564b2b48aa60_0;
    %pad/u 7;
    %ix/vec4 3;
    %ix/load 4, 0, 0; Constant delay
    %assign/vec4/a/d v0x564b2b48b200, 0, 4;
T_5.7 ;
T_5.5 ;
    %pushi/vec4 0, 0, 32;
    %ix/load 3, 0, 0;
    %flag_set/imm 4, 0;
    %ix/load 4, 0, 0; Constant delay
    %assign/vec4/a/d v0x564b2b48b200, 0, 4;
T_5.1 ;
    %jmp T_5;
    .thread T_5;
    .scope S_0x564b2b4845f0;
T_6 ;
    %wait E_0x564b2b4482c0;
    %load/vec4 v0x564b2b484910_0;
    %dup/vec4;
    %pushi/vec4 0, 0, 2;
    %cmp/u;
    %jmp/1 T_6.0, 6;
    %dup/vec4;
    %pushi/vec4 1, 0, 2;
    %cmp/u;
    %jmp/1 T_6.1, 6;
    %dup/vec4;
    %pushi/vec4 2, 0, 2;
    %cmp/u;
    %jmp/1 T_6.2, 6;
    %pushi/vec4 2, 0, 4;
    %store/vec4 v0x564b2b484830_0, 0, 4;
    %jmp T_6.4;
T_6.0 ;
    %pushi/vec4 2, 0, 4;
    %store/vec4 v0x564b2b484830_0, 0, 4;
    %jmp T_6.4;
T_6.1 ;
    %pushi/vec4 6, 0, 4;
    %store/vec4 v0x564b2b484830_0, 0, 4;
    %jmp T_6.4;
T_6.2 ;
    %load/vec4 v0x564b2b4849d0_0;
    %dup/vec4;
    %pushi/vec4 32, 0, 6;
    %cmp/u;
    %jmp/1 T_6.5, 6;
    %dup/vec4;
    %pushi/vec4 34, 0, 6;
    %cmp/u;
    %jmp/1 T_6.6, 6;
    %dup/vec4;
    %pushi/vec4 36, 0, 6;
    %cmp/u;
    %jmp/1 T_6.7, 6;
    %dup/vec4;
    %pushi/vec4 37, 0, 6;
    %cmp/u;
    %jmp/1 T_6.8, 6;
    %dup/vec4;
    %pushi/vec4 42, 0, 6;
    %cmp/u;
    %jmp/1 T_6.9, 6;
    %pushi/vec4 2, 0, 4;
    %store/vec4 v0x564b2b484830_0, 0, 4;
    %jmp T_6.11;
T_6.5 ;
    %pushi/vec4 2, 0, 4;
    %store/vec4 v0x564b2b484830_0, 0, 4;
    %jmp T_6.11;
T_6.6 ;
    %pushi/vec4 6, 0, 4;
    %store/vec4 v0x564b2b484830_0, 0, 4;
    %jmp T_6.11;
T_6.7 ;
    %pushi/vec4 0, 0, 4;
    %store/vec4 v0x564b2b484830_0, 0, 4;
    %jmp T_6.11;
T_6.8 ;
    %pushi/vec4 1, 0, 4;
    %store/vec4 v0x564b2b484830_0, 0, 4;
    %jmp T_6.11;
T_6.9 ;
    %pushi/vec4 7, 0, 4;
    %store/vec4 v0x564b2b484830_0, 0, 4;
    %jmp T_6.11;
T_6.11 ;
    %pop/vec4 1;
    %jmp T_6.4;
T_6.4 ;
    %pop/vec4 1;
    %jmp T_6;
    .thread T_6, $push;
    .scope S_0x564b2b4196a0;
T_7 ;
    %wait E_0x564b2b438dc0;
    %load/vec4 v0x564b2b45ebb0_0;
    %dup/vec4;
    %pushi/vec4 0, 0, 4;
    %cmp/u;
    %jmp/1 T_7.0, 6;
    %dup/vec4;
    %pushi/vec4 1, 0, 4;
    %cmp/u;
    %jmp/1 T_7.1, 6;
    %dup/vec4;
    %pushi/vec4 2, 0, 4;
    %cmp/u;
    %jmp/1 T_7.2, 6;
    %dup/vec4;
    %pushi/vec4 6, 0, 4;
    %cmp/u;
    %jmp/1 T_7.3, 6;
    %dup/vec4;
    %pushi/vec4 7, 0, 4;
    %cmp/u;
    %jmp/1 T_7.4, 6;
    %dup/vec4;
    %pushi/vec4 12, 0, 4;
    %cmp/u;
    %jmp/1 T_7.5, 6;
    %pushi/vec4 0, 0, 32;
    %store/vec4 v0x564b2b465ab0_0, 0, 32;
    %jmp T_7.7;
T_7.0 ;
    %load/vec4 v0x564b2b4650a0_0;
    %load/vec4 v0x564b2b45a540_0;
    %and;
    %store/vec4 v0x564b2b465ab0_0, 0, 32;
    %jmp T_7.7;
T_7.1 ;
    %load/vec4 v0x564b2b4650a0_0;
    %load/vec4 v0x564b2b45a540_0;
    %or;
    %store/vec4 v0x564b2b465ab0_0, 0, 32;
    %jmp T_7.7;
T_7.2 ;
    %load/vec4 v0x564b2b4650a0_0;
    %load/vec4 v0x564b2b45a540_0;
    %add;
    %store/vec4 v0x564b2b465ab0_0, 0, 32;
    %jmp T_7.7;
T_7.3 ;
    %load/vec4 v0x564b2b4650a0_0;
    %load/vec4 v0x564b2b45a540_0;
    %sub;
    %store/vec4 v0x564b2b465ab0_0, 0, 32;
    %jmp T_7.7;
T_7.4 ;
    %load/vec4 v0x564b2b4650a0_0;
    %load/vec4 v0x564b2b45a540_0;
    %cmp/s;
    %jmp/0xz  T_7.8, 5;
    %pushi/vec4 1, 0, 32;
    %store/vec4 v0x564b2b465ab0_0, 0, 32;
    %jmp T_7.9;
T_7.8 ;
    %pushi/vec4 0, 0, 32;
    %store/vec4 v0x564b2b465ab0_0, 0, 32;
T_7.9 ;
    %jmp T_7.7;
T_7.5 ;
    %load/vec4 v0x564b2b4650a0_0;
    %load/vec4 v0x564b2b45a540_0;
    %or;
    %inv;
    %store/vec4 v0x564b2b465ab0_0, 0, 32;
    %jmp T_7.7;
T_7.7 ;
    %pop/vec4 1;
    %jmp T_7;
    .thread T_7, $push;
    .scope S_0x564b2b4194c0;
T_8 ;
    %wait E_0x564b2b416c90;
    %load/vec4 v0x564b2b48bdb0_0;
    %dup/vec4;
    %pushi/vec4 0, 0, 1;
    %cmp/u;
    %jmp/1 T_8.0, 6;
    %dup/vec4;
    %pushi/vec4 1, 0, 1;
    %cmp/u;
    %jmp/1 T_8.1, 6;
    %jmp T_8.2;
T_8.0 ;
    %load/vec4 v0x564b2b48c230_0;
    %store/vec4 v0x564b2b48d1a0_0, 0, 32;
    %jmp T_8.2;
T_8.1 ;
    %load/vec4 v0x564b2b48b8f0_0;
    %store/vec4 v0x564b2b48d1a0_0, 0, 32;
    %jmp T_8.2;
T_8.2 ;
    %pop/vec4 1;
    %jmp T_8;
    .thread T_8, $push;
    .scope S_0x564b2b4194c0;
T_9 ;
    %wait E_0x564b2b416ad0;
    %load/vec4 v0x564b2b48c5b0_0;
    %dup/vec4;
    %pushi/vec4 0, 0, 1;
    %cmp/u;
    %jmp/1 T_9.0, 6;
    %dup/vec4;
    %pushi/vec4 1, 0, 1;
    %cmp/u;
    %jmp/1 T_9.1, 6;
    %jmp T_9.2;
T_9.0 ;
    %load/vec4 v0x564b2b48d920_0;
    %store/vec4 v0x564b2b48dd50_0, 0, 5;
    %jmp T_9.2;
T_9.1 ;
    %load/vec4 v0x564b2b48d510_0;
    %store/vec4 v0x564b2b48dd50_0, 0, 5;
    %jmp T_9.2;
T_9.2 ;
    %pop/vec4 1;
    %jmp T_9;
    .thread T_9, $push;
    .scope S_0x564b2b4194c0;
T_10 ;
    %wait E_0x564b2b4165b0;
    %load/vec4 v0x564b2b48c080_0;
    %dup/vec4;
    %pushi/vec4 0, 0, 1;
    %cmp/u;
    %jmp/1 T_10.0, 6;
    %dup/vec4;
    %pushi/vec4 1, 0, 1;
    %cmp/u;
    %jmp/1 T_10.1, 6;
    %jmp T_10.2;
T_10.0 ;
    %load/vec4 v0x564b2b48b8f0_0;
    %store/vec4 v0x564b2b48dc80_0, 0, 32;
    %jmp T_10.2;
T_10.1 ;
    %load/vec4 v0x564b2b48be50_0;
    %store/vec4 v0x564b2b48dc80_0, 0, 32;
    %jmp T_10.2;
T_10.2 ;
    %pop/vec4 1;
    %jmp T_10;
    .thread T_10, $push;
    .scope S_0x564b2b4194c0;
T_11 ;
    %wait E_0x564b2b416840;
    %load/vec4 v0x564b2b48ba90_0;
    %dup/vec4;
    %pushi/vec4 0, 0, 1;
    %cmp/u;
    %jmp/1 T_11.0, 6;
    %dup/vec4;
    %pushi/vec4 1, 0, 1;
    %cmp/u;
    %jmp/1 T_11.1, 6;
    %jmp T_11.2;
T_11.0 ;
    %load/vec4 v0x564b2b48c230_0;
    %store/vec4 v0x564b2b48b670_0, 0, 32;
    %jmp T_11.2;
T_11.1 ;
    %load/vec4 v0x564b2b48b4b0_0;
    %store/vec4 v0x564b2b48b670_0, 0, 32;
    %jmp T_11.2;
T_11.2 ;
    %pop/vec4 1;
    %jmp T_11;
    .thread T_11, $push;
    .scope S_0x564b2b4194c0;
T_12 ;
    %wait E_0x564b2b416320;
    %load/vec4 v0x564b2b48bb30_0;
    %dup/vec4;
    %pushi/vec4 0, 0, 2;
    %cmp/u;
    %jmp/1 T_12.0, 6;
    %dup/vec4;
    %pushi/vec4 1, 0, 2;
    %cmp/u;
    %jmp/1 T_12.1, 6;
    %dup/vec4;
    %pushi/vec4 2, 0, 2;
    %cmp/u;
    %jmp/1 T_12.2, 6;
    %dup/vec4;
    %pushi/vec4 3, 0, 2;
    %cmp/u;
    %jmp/1 T_12.3, 6;
    %jmp T_12.4;
T_12.0 ;
    %load/vec4 v0x564b2b48bbd0_0;
    %store/vec4 v0x564b2b48b710_0, 0, 32;
    %jmp T_12.4;
T_12.1 ;
    %pushi/vec4 4, 0, 32;
    %store/vec4 v0x564b2b48b710_0, 0, 32;
    %jmp T_12.4;
T_12.2 ;
    %load/vec4 v0x564b2b48dab0_0;
    %store/vec4 v0x564b2b48b710_0, 0, 32;
    %jmp T_12.4;
T_12.3 ;
    %load/vec4 v0x564b2b48d9f0_0;
    %store/vec4 v0x564b2b48b710_0, 0, 32;
    %jmp T_12.4;
T_12.4 ;
    %pop/vec4 1;
    %jmp T_12;
    .thread T_12, $push;
    .scope S_0x564b2b4194c0;
T_13 ;
    %wait E_0x564b2b41a260;
    %load/vec4 v0x564b2b48c3b0_0;
    %dup/vec4;
    %pushi/vec4 0, 0, 2;
    %cmp/u;
    %jmp/1 T_13.0, 6;
    %dup/vec4;
    %pushi/vec4 1, 0, 2;
    %cmp/u;
    %jmp/1 T_13.1, 6;
    %dup/vec4;
    %pushi/vec4 2, 0, 2;
    %cmp/u;
    %jmp/1 T_13.2, 6;
    %load/vec4 v0x564b2b48b9d0_0;
    %store/vec4 v0x564b2b48d360_0, 0, 32;
    %jmp T_13.4;
T_13.0 ;
    %load/vec4 v0x564b2b48b9d0_0;
    %store/vec4 v0x564b2b48d360_0, 0, 32;
    %jmp T_13.4;
T_13.1 ;
    %load/vec4 v0x564b2b48b8f0_0;
    %store/vec4 v0x564b2b48d360_0, 0, 32;
    %jmp T_13.4;
T_13.2 ;
    %load/vec4 v0x564b2b48d0e0_0;
    %store/vec4 v0x564b2b48d360_0, 0, 32;
    %jmp T_13.4;
T_13.4 ;
    %pop/vec4 1;
    %jmp T_13;
    .thread T_13, $push;
    .scope S_0x564b2b4194c0;
T_14 ;
    %wait E_0x564b2b447fc0;
    %load/vec4 v0x564b2b48d790_0;
    %cmpi/e 1, 0, 1;
    %jmp/0xz  T_14.0, 4;
    %pushi/vec4 0, 0, 32;
    %assign/vec4 v0x564b2b48c230_0, 0;
    %pushi/vec4 0, 0, 32;
    %assign/vec4 v0x564b2b48bc70_0, 0;
    %pushi/vec4 0, 0, 32;
    %assign/vec4 v0x564b2b48be50_0, 0;
    %pushi/vec4 0, 0, 32;
    %assign/vec4 v0x564b2b48b4b0_0, 0;
    %pushi/vec4 0, 0, 32;
    %assign/vec4 v0x564b2b48bbd0_0, 0;
    %pushi/vec4 0, 0, 32;
    %assign/vec4 v0x564b2b48b8f0_0, 0;
    %jmp T_14.1;
T_14.0 ;
    %load/vec4 v0x564b2b48c2f0_0;
    %cmpi/e 1, 0, 1;
    %jmp/0xz  T_14.2, 4;
    %load/vec4 v0x564b2b48d360_0;
    %assign/vec4 v0x564b2b48c230_0, 0;
T_14.2 ;
    %load/vec4 v0x564b2b48bd10_0;
    %cmpi/e 1, 0, 1;
    %jmp/0xz  T_14.4, 4;
    %load/vec4 v0x564b2b48d290_0;
    %assign/vec4 v0x564b2b48bc70_0, 0;
T_14.4 ;
    %load/vec4 v0x564b2b48d290_0;
    %assign/vec4 v0x564b2b48be50_0, 0;
    %load/vec4 v0x564b2b48d5d0_0;
    %assign/vec4 v0x564b2b48b4b0_0, 0;
    %load/vec4 v0x564b2b48d6c0_0;
    %assign/vec4 v0x564b2b48bbd0_0, 0;
    %load/vec4 v0x564b2b48b9d0_0;
    %assign/vec4 v0x564b2b48b8f0_0, 0;
T_14.1 ;
    %jmp T_14;
    .thread T_14;
    .scope S_0x564b2b468b00;
T_15 ;
    %pushi/vec4 0, 0, 1;
    %store/vec4 v0x564b2b48de60_0, 0, 1;
T_15.0 ;
    %delay 5, 0;
    %load/vec4 v0x564b2b48de60_0;
    %inv;
    %store/vec4 v0x564b2b48de60_0, 0, 1;
    %jmp T_15.0;
T_15.1 ;
    %end;
    .thread T_15;
    .scope S_0x564b2b468b00;
T_16 ;
    %pushi/vec4 1, 0, 1;
    %store/vec4 v0x564b2b48df00_0, 0, 1;
    %delay 12, 0;
    %pushi/vec4 0, 0, 1;
    %store/vec4 v0x564b2b48df00_0, 0, 1;
    %end;
    .thread T_16;
    .scope S_0x564b2b468b00;
T_17 ;
    %vpi_call 2 105 "$display", "time  state  pc          ir          a           b           aluout      mdr         r1          r2          r3          mem10       mem12" {0 0 0};
    %vpi_call 2 106 "$monitor", "%4d   %2d   %h  %h  %h  %h  %h  %h  %h  %h  %h  %h  %h", $time, v0x564b2b486630_0, v0x564b2b48c230_0, v0x564b2b48bc70_0, v0x564b2b48b4b0_0, v0x564b2b48bbd0_0, v0x564b2b48b8f0_0, v0x564b2b48be50_0, &A<v0x564b2b48b200, 1>, &A<v0x564b2b48b200, 2>, &A<v0x564b2b48b200, 3>, &A<v0x564b2b487760, 10>, &A<v0x564b2b487760, 12> {0 0 0};
    %end;
    .thread T_17;
    .scope S_0x564b2b468b00;
T_18 ;
    %delay 300, 0;
    %vpi_call 2 125 "$display", "\000" {0 0 0};
    %vpi_call 2 126 "$display", "final checks" {0 0 0};
    %vpi_call 2 127 "$display", "r1 = %d", &A<v0x564b2b48b200, 1> {0 0 0};
    %vpi_call 2 128 "$display", "r2 = %d", &A<v0x564b2b48b200, 2> {0 0 0};
    %vpi_call 2 129 "$display", "r3 = %d", &A<v0x564b2b48b200, 3> {0 0 0};
    %vpi_call 2 130 "$display", "mem[10] = %d", &A<v0x564b2b487760, 10> {0 0 0};
    %vpi_call 2 131 "$display", "mem[12] = %d", &A<v0x564b2b487760, 12> {0 0 0};
    %vpi_call 2 132 "$finish" {0 0 0};
    %end;
    .thread T_18;
# The file index is used to find the file name in the following table.
:file_names 4;
    "N/A";
    "<interactive>";
    "tb.v";
    "main.v";
